2021/03/27 11:27:54 : Traceback (most recent call last):
  File "/home/asus/Desktop/v32/cartmigration/controllers/migration.py", line 665, in storage_data
    getattr(self.get_source_cart(), 'finish_storage_data')()
  File "/home/asus/Desktop/v32/cartmigration/models/basecart.py", line 3929, in finish_storage_data
    folder_upload = self.get_folder_upload(self._migration_id)
  File "/home/asus/Desktop/v32/cartmigration/models/basecart.py", line 3941, in get_folder_upload
    folder_upload = root_path + '/' + DIR_UPLOAD + '/' + get_config_ini('src', 'file', file = 'test.ini')
TypeError: can only concatenate str (not "NoneType") to str

2021/03/27 11:28:02 : products_errors 37: Traceback (most recent call last):
  File "/home/asus/Desktop/v32/cartmigration/controllers/migration.py", line 1113, in migration
    after_import = fn_after_import(id_desc, convert_data, main, ext)
  File "/home/asus/Desktop/v32/cartmigration/models/cart/woocommerce.py", line 3533, in after_product_import
    'term_taxonomy_id':term_taxonomy_id,
UnboundLocalError: local variable 'term_taxonomy_id' referenced before assignment

2021/03/27 11:28:02 : products_errors 39: Traceback (most recent call last):
  File "/home/asus/Desktop/v32/cartmigration/controllers/migration.py", line 1113, in migration
    after_import = fn_after_import(id_desc, convert_data, main, ext)
  File "/home/asus/Desktop/v32/cartmigration/models/cart/woocommerce.py", line 3533, in after_product_import
    'term_taxonomy_id':term_taxonomy_id,
UnboundLocalError: local variable 'term_taxonomy_id' referenced before assignment

