2021/03/24 13:57:16 : Traceback (most recent call last):
  File "/home/asus/Desktop/v32/cartmigration/controllers/migration.py", line 348, in setup_cart
    setup_source = self.setup_source(data)
  File "/home/asus/Desktop/v32/cartmigration/controllers/migration.py", line 284, in setup_source
    getattr(self.get_target_cart(), 'set_notice')(self._notice)
  File "/home/asus/Desktop/v32/cartmigration/libs/base_controller.py", line 115, in get_target_cart
    self.target_cart = get_model(cart_name)
  File "/home/asus/Desktop/v32/cartmigration/libs/utils.py", line 97, in get_model
    module_class = importlib.import_module(model_name)
  File "/usr/lib/python3.8/importlib/__init__.py", line 127, in import_module
    return _bootstrap._gcd_import(name[level:], package, level)
  File "<frozen importlib._bootstrap>", line 1014, in _gcd_import
  File "<frozen importlib._bootstrap>", line 991, in _find_and_load
  File "<frozen importlib._bootstrap>", line 975, in _find_and_load_unlocked
  File "<frozen importlib._bootstrap>", line 671, in _load_unlocked
  File "<frozen importlib._bootstrap_external>", line 779, in exec_module
  File "<frozen importlib._bootstrap_external>", line 916, in get_code
  File "<frozen importlib._bootstrap_external>", line 846, in source_to_code
  File "<frozen importlib._bootstrap>", line 219, in _call_with_frames_removed
  File "/home/asus/Desktop/v32/cartmigration/models/cart/woocommerce.py", line 3444
    `		testdb = {
     		         ^
IndentationError: expected an indented block

2021/03/24 13:58:20 : Traceback (most recent call last):
  File "/home/asus/Desktop/v32/cartmigration/controllers/migration.py", line 348, in setup_cart
    setup_source = self.setup_source(data)
  File "/home/asus/Desktop/v32/cartmigration/controllers/migration.py", line 284, in setup_source
    getattr(self.get_target_cart(), 'set_notice')(self._notice)
  File "/home/asus/Desktop/v32/cartmigration/libs/base_controller.py", line 115, in get_target_cart
    self.target_cart = get_model(cart_name)
  File "/home/asus/Desktop/v32/cartmigration/libs/utils.py", line 97, in get_model
    module_class = importlib.import_module(model_name)
  File "/usr/lib/python3.8/importlib/__init__.py", line 127, in import_module
    return _bootstrap._gcd_import(name[level:], package, level)
  File "<frozen importlib._bootstrap>", line 1014, in _gcd_import
  File "<frozen importlib._bootstrap>", line 991, in _find_and_load
  File "<frozen importlib._bootstrap>", line 975, in _find_and_load_unlocked
  File "<frozen importlib._bootstrap>", line 671, in _load_unlocked
  File "<frozen importlib._bootstrap_external>", line 779, in exec_module
  File "<frozen importlib._bootstrap_external>", line 916, in get_code
  File "<frozen importlib._bootstrap_external>", line 846, in source_to_code
  File "<frozen importlib._bootstrap>", line 219, in _call_with_frames_removed
  File "/home/asus/Desktop/v32/cartmigration/models/cart/woocommerce.py", line 3444
    `		testdb = {
     		         ^
IndentationError: expected an indented block

2021/03/24 14:00:31 : Traceback (most recent call last):
  File "/home/asus/Desktop/v32/cartmigration/controllers/migration.py", line 348, in setup_cart
    setup_source = self.setup_source(data)
  File "/home/asus/Desktop/v32/cartmigration/controllers/migration.py", line 284, in setup_source
    getattr(self.get_target_cart(), 'set_notice')(self._notice)
  File "/home/asus/Desktop/v32/cartmigration/libs/base_controller.py", line 115, in get_target_cart
    self.target_cart = get_model(cart_name)
  File "/home/asus/Desktop/v32/cartmigration/libs/utils.py", line 97, in get_model
    module_class = importlib.import_module(model_name)
  File "/usr/lib/python3.8/importlib/__init__.py", line 127, in import_module
    return _bootstrap._gcd_import(name[level:], package, level)
  File "<frozen importlib._bootstrap>", line 1014, in _gcd_import
  File "<frozen importlib._bootstrap>", line 991, in _find_and_load
  File "<frozen importlib._bootstrap>", line 975, in _find_and_load_unlocked
  File "<frozen importlib._bootstrap>", line 671, in _load_unlocked
  File "<frozen importlib._bootstrap_external>", line 779, in exec_module
  File "<frozen importlib._bootstrap_external>", line 916, in get_code
  File "<frozen importlib._bootstrap_external>", line 846, in source_to_code
  File "<frozen importlib._bootstrap>", line 219, in _call_with_frames_removed
  File "/home/asus/Desktop/v32/cartmigration/models/cart/woocommerce.py", line 3444
    `		testdb = {
     		         ^
IndentationError: expected an indented block

2021/03/24 14:02:24 : Traceback (most recent call last):
  File "/home/asus/Desktop/v32/cartmigration/controllers/migration.py", line 348, in setup_cart
    setup_source = self.setup_source(data)
  File "/home/asus/Desktop/v32/cartmigration/controllers/migration.py", line 284, in setup_source
    getattr(self.get_target_cart(), 'set_notice')(self._notice)
  File "/home/asus/Desktop/v32/cartmigration/libs/base_controller.py", line 115, in get_target_cart
    self.target_cart = get_model(cart_name)
  File "/home/asus/Desktop/v32/cartmigration/libs/utils.py", line 97, in get_model
    module_class = importlib.import_module(model_name)
  File "/usr/lib/python3.8/importlib/__init__.py", line 127, in import_module
    return _bootstrap._gcd_import(name[level:], package, level)
  File "<frozen importlib._bootstrap>", line 1014, in _gcd_import
  File "<frozen importlib._bootstrap>", line 991, in _find_and_load
  File "<frozen importlib._bootstrap>", line 975, in _find_and_load_unlocked
  File "<frozen importlib._bootstrap>", line 671, in _load_unlocked
  File "<frozen importlib._bootstrap_external>", line 779, in exec_module
  File "<frozen importlib._bootstrap_external>", line 916, in get_code
  File "<frozen importlib._bootstrap_external>", line 846, in source_to_code
  File "<frozen importlib._bootstrap>", line 219, in _call_with_frames_removed
  File "/home/asus/Desktop/v32/cartmigration/models/cart/woocommerce.py", line 3444
    `		testdb = {'_weight':'weight',
     		                            ^
IndentationError: expected an indented block

2021/03/27 09:06:34 : Traceback (most recent call last):
  File "/home/asus/Desktop/v32/cartmigration/controllers/migration.py", line 348, in setup_cart
    setup_source = self.setup_source(data)
  File "/home/asus/Desktop/v32/cartmigration/controllers/migration.py", line 284, in setup_source
    getattr(self.get_target_cart(), 'set_notice')(self._notice)
  File "/home/asus/Desktop/v32/cartmigration/libs/base_controller.py", line 115, in get_target_cart
    self.target_cart = get_model(cart_name)
  File "/home/asus/Desktop/v32/cartmigration/libs/utils.py", line 97, in get_model
    module_class = importlib.import_module(model_name)
  File "/usr/lib/python3.8/importlib/__init__.py", line 127, in import_module
    return _bootstrap._gcd_import(name[level:], package, level)
  File "<frozen importlib._bootstrap>", line 1014, in _gcd_import
  File "<frozen importlib._bootstrap>", line 991, in _find_and_load
  File "<frozen importlib._bootstrap>", line 975, in _find_and_load_unlocked
  File "<frozen importlib._bootstrap>", line 671, in _load_unlocked
  File "<frozen importlib._bootstrap_external>", line 779, in exec_module
  File "<frozen importlib._bootstrap_external>", line 916, in get_code
  File "<frozen importlib._bootstrap_external>", line 846, in source_to_code
  File "<frozen importlib._bootstrap>", line 219, in _call_with_frames_removed
  File "/home/asus/Desktop/v32/cartmigration/models/cart/woocommerce.py", line 4220
    self.insert_map('order-customer', convert['id'], order['client_customers_id'])
                                                                                 ^
TabError: inconsistent use of tabs and spaces in indentation

2021/03/27 09:07:50 : Traceback (most recent call last):
  File "/home/asus/Desktop/v32/cartmigration/controllers/migration.py", line 348, in setup_cart
    setup_source = self.setup_source(data)
  File "/home/asus/Desktop/v32/cartmigration/controllers/migration.py", line 284, in setup_source
    getattr(self.get_target_cart(), 'set_notice')(self._notice)
  File "/home/asus/Desktop/v32/cartmigration/libs/base_controller.py", line 115, in get_target_cart
    self.target_cart = get_model(cart_name)
  File "/home/asus/Desktop/v32/cartmigration/libs/utils.py", line 97, in get_model
    module_class = importlib.import_module(model_name)
  File "/usr/lib/python3.8/importlib/__init__.py", line 127, in import_module
    return _bootstrap._gcd_import(name[level:], package, level)
  File "<frozen importlib._bootstrap>", line 1014, in _gcd_import
  File "<frozen importlib._bootstrap>", line 991, in _find_and_load
  File "<frozen importlib._bootstrap>", line 975, in _find_and_load_unlocked
  File "<frozen importlib._bootstrap>", line 671, in _load_unlocked
  File "<frozen importlib._bootstrap_external>", line 779, in exec_module
  File "<frozen importlib._bootstrap_external>", line 916, in get_code
  File "<frozen importlib._bootstrap_external>", line 846, in source_to_code
  File "<frozen importlib._bootstrap>", line 219, in _call_with_frames_removed
  File "/home/asus/Desktop/v32/cartmigration/models/cart/woocommerce.py", line 4220
    self.insert_map('order-customer', convert['id'], order['client_customers_id'])
                                                                                 ^
TabError: inconsistent use of tabs and spaces in indentation

2021/03/27 09:08:48 : Traceback (most recent call last):
  File "/home/asus/Desktop/v32/cartmigration/controllers/migration.py", line 348, in setup_cart
    setup_source = self.setup_source(data)
  File "/home/asus/Desktop/v32/cartmigration/controllers/migration.py", line 284, in setup_source
    getattr(self.get_target_cart(), 'set_notice')(self._notice)
  File "/home/asus/Desktop/v32/cartmigration/libs/base_controller.py", line 115, in get_target_cart
    self.target_cart = get_model(cart_name)
  File "/home/asus/Desktop/v32/cartmigration/libs/utils.py", line 97, in get_model
    module_class = importlib.import_module(model_name)
  File "/usr/lib/python3.8/importlib/__init__.py", line 127, in import_module
    return _bootstrap._gcd_import(name[level:], package, level)
  File "<frozen importlib._bootstrap>", line 1014, in _gcd_import
  File "<frozen importlib._bootstrap>", line 991, in _find_and_load
  File "<frozen importlib._bootstrap>", line 975, in _find_and_load_unlocked
  File "<frozen importlib._bootstrap>", line 671, in _load_unlocked
  File "<frozen importlib._bootstrap_external>", line 779, in exec_module
  File "<frozen importlib._bootstrap_external>", line 916, in get_code
  File "<frozen importlib._bootstrap_external>", line 846, in source_to_code
  File "<frozen importlib._bootstrap>", line 219, in _call_with_frames_removed
  File "/home/asus/Desktop/v32/cartmigration/models/cart/woocommerce.py", line 4220
    self.insert_map('order-customer', convert['id'], order['client_customers_id'])
                                                                                 ^
TabError: inconsistent use of tabs and spaces in indentation

2021/03/27 09:09:29 : Traceback (most recent call last):
  File "/home/asus/Desktop/v32/cartmigration/controllers/migration.py", line 348, in setup_cart
    setup_source = self.setup_source(data)
  File "/home/asus/Desktop/v32/cartmigration/controllers/migration.py", line 284, in setup_source
    getattr(self.get_target_cart(), 'set_notice')(self._notice)
  File "/home/asus/Desktop/v32/cartmigration/libs/base_controller.py", line 115, in get_target_cart
    self.target_cart = get_model(cart_name)
  File "/home/asus/Desktop/v32/cartmigration/libs/utils.py", line 97, in get_model
    module_class = importlib.import_module(model_name)
  File "/usr/lib/python3.8/importlib/__init__.py", line 127, in import_module
    return _bootstrap._gcd_import(name[level:], package, level)
  File "<frozen importlib._bootstrap>", line 1014, in _gcd_import
  File "<frozen importlib._bootstrap>", line 991, in _find_and_load
  File "<frozen importlib._bootstrap>", line 975, in _find_and_load_unlocked
  File "<frozen importlib._bootstrap>", line 671, in _load_unlocked
  File "<frozen importlib._bootstrap_external>", line 779, in exec_module
  File "<frozen importlib._bootstrap_external>", line 916, in get_code
  File "<frozen importlib._bootstrap_external>", line 846, in source_to_code
  File "<frozen importlib._bootstrap>", line 219, in _call_with_frames_removed
  File "/home/asus/Desktop/v32/cartmigration/models/cart/woocommerce.py", line 4220
    self.insert_map('order-customer', convert['id'], order['client_customers_id'])
                                                                                 ^
TabError: inconsistent use of tabs and spaces in indentation

2021/03/27 09:10:50 : Traceback (most recent call last):
  File "/home/asus/Desktop/v32/cartmigration/controllers/migration.py", line 348, in setup_cart
    setup_source = self.setup_source(data)
  File "/home/asus/Desktop/v32/cartmigration/controllers/migration.py", line 284, in setup_source
    getattr(self.get_target_cart(), 'set_notice')(self._notice)
  File "/home/asus/Desktop/v32/cartmigration/libs/base_controller.py", line 115, in get_target_cart
    self.target_cart = get_model(cart_name)
  File "/home/asus/Desktop/v32/cartmigration/libs/utils.py", line 97, in get_model
    module_class = importlib.import_module(model_name)
  File "/usr/lib/python3.8/importlib/__init__.py", line 127, in import_module
    return _bootstrap._gcd_import(name[level:], package, level)
  File "<frozen importlib._bootstrap>", line 1014, in _gcd_import
  File "<frozen importlib._bootstrap>", line 991, in _find_and_load
  File "<frozen importlib._bootstrap>", line 975, in _find_and_load_unlocked
  File "<frozen importlib._bootstrap>", line 671, in _load_unlocked
  File "<frozen importlib._bootstrap_external>", line 779, in exec_module
  File "<frozen importlib._bootstrap_external>", line 916, in get_code
  File "<frozen importlib._bootstrap_external>", line 846, in source_to_code
  File "<frozen importlib._bootstrap>", line 219, in _call_with_frames_removed
  File "/home/asus/Desktop/v32/cartmigration/models/cart/woocommerce.py", line 4220
    self.insert_map('order-customer', convert['id'], order['client_customers_id'])
                                                                                 ^
TabError: inconsistent use of tabs and spaces in indentation

2021/03/27 09:11:21 : Traceback (most recent call last):
  File "/home/asus/Desktop/v32/cartmigration/controllers/migration.py", line 348, in setup_cart
    setup_source = self.setup_source(data)
  File "/home/asus/Desktop/v32/cartmigration/controllers/migration.py", line 284, in setup_source
    getattr(self.get_target_cart(), 'set_notice')(self._notice)
  File "/home/asus/Desktop/v32/cartmigration/libs/base_controller.py", line 115, in get_target_cart
    self.target_cart = get_model(cart_name)
  File "/home/asus/Desktop/v32/cartmigration/libs/utils.py", line 97, in get_model
    module_class = importlib.import_module(model_name)
  File "/usr/lib/python3.8/importlib/__init__.py", line 127, in import_module
    return _bootstrap._gcd_import(name[level:], package, level)
  File "<frozen importlib._bootstrap>", line 1014, in _gcd_import
  File "<frozen importlib._bootstrap>", line 991, in _find_and_load
  File "<frozen importlib._bootstrap>", line 975, in _find_and_load_unlocked
  File "<frozen importlib._bootstrap>", line 671, in _load_unlocked
  File "<frozen importlib._bootstrap_external>", line 779, in exec_module
  File "<frozen importlib._bootstrap_external>", line 916, in get_code
  File "<frozen importlib._bootstrap_external>", line 846, in source_to_code
  File "<frozen importlib._bootstrap>", line 219, in _call_with_frames_removed
  File "/home/asus/Desktop/v32/cartmigration/models/cart/woocommerce.py", line 4220
    self.insert_map('order-customer', convert['id'], order['client_customers_id'])
                                                                                 ^
TabError: inconsistent use of tabs and spaces in indentation

2021/03/27 10:11:55 : Traceback (most recent call last):
  File "/home/asus/Desktop/v32/cartmigration/controllers/migration.py", line 348, in setup_cart
    setup_source = self.setup_source(data)
  File "/home/asus/Desktop/v32/cartmigration/controllers/migration.py", line 284, in setup_source
    getattr(self.get_target_cart(), 'set_notice')(self._notice)
  File "/home/asus/Desktop/v32/cartmigration/libs/base_controller.py", line 115, in get_target_cart
    self.target_cart = get_model(cart_name)
  File "/home/asus/Desktop/v32/cartmigration/libs/utils.py", line 97, in get_model
    module_class = importlib.import_module(model_name)
  File "/usr/lib/python3.8/importlib/__init__.py", line 127, in import_module
    return _bootstrap._gcd_import(name[level:], package, level)
  File "<frozen importlib._bootstrap>", line 1014, in _gcd_import
  File "<frozen importlib._bootstrap>", line 991, in _find_and_load
  File "<frozen importlib._bootstrap>", line 975, in _find_and_load_unlocked
  File "<frozen importlib._bootstrap>", line 671, in _load_unlocked
  File "<frozen importlib._bootstrap_external>", line 779, in exec_module
  File "<frozen importlib._bootstrap_external>", line 916, in get_code
  File "<frozen importlib._bootstrap_external>", line 846, in source_to_code
  File "<frozen importlib._bootstrap>", line 219, in _call_with_frames_removed
  File "/home/asus/Desktop/v32/cartmigration/models/cart/woocommerce.py", line 4365
    'product_id': product['id_desc'] if product['id_desc'] esle '',
                                                           ^
SyntaxError: invalid syntax

